[INFO  - 2013-11-13T11:01:15.095Z] GhostDriver - Main - running on port 12782
[INFO  - 2013-11-13T11:01:15.888Z] Session [eaa332c0-4c52-11e3-b881-8d392edb375c] - CONSTRUCTOR - Desired Capabilities: {"javascriptEnabled":true}
[INFO  - 2013-11-13T11:01:15.888Z] Session [eaa332c0-4c52-11e3-b881-8d392edb375c] - CONSTRUCTOR - Negotiated Capabilities: {"browserName":"phantomjs","version":"1.9.0","driverName":"ghostdriver","driverVersion":"1.0.3","platform":"windows-7-32bit","javascriptEnabled":true,"takesScreenshot":true,"handlesAlerts":false,"databaseEnabled":false,"locationContextEnabled":false,"applicationCacheEnabled":false,"browserConnectionEnabled":false,"cssSelectorsEnabled":true,"webStorageEnabled":false,"rotatable":false,"acceptSslCerts":false,"nativeEvents":true,"proxy":{"proxyType":"direct"}}
[INFO  - 2013-11-13T11:01:15.888Z] SessionManagerReqHand - _postNewSessionCommand - New Session Created: eaa332c0-4c52-11e3-b881-8d392edb375c
[INFO  - 2013-11-13T11:01:17.526Z] ShutdownReqHand - _handle - About to shutdown
[INFO  - 2013-11-13T11:05:23.964Z] GhostDriver - Main - running on port 20381
[INFO  - 2013-11-13T11:05:24.634Z] Session [7ee6d360-4c53-11e3-aaf9-f3957e18c697] - CONSTRUCTOR - Desired Capabilities: {"javascriptEnabled":true}
[INFO  - 2013-11-13T11:05:24.634Z] Session [7ee6d360-4c53-11e3-aaf9-f3957e18c697] - CONSTRUCTOR - Negotiated Capabilities: {"browserName":"phantomjs","version":"1.9.0","driverName":"ghostdriver","driverVersion":"1.0.3","platform":"windows-7-32bit","javascriptEnabled":true,"takesScreenshot":true,"handlesAlerts":false,"databaseEnabled":false,"locationContextEnabled":false,"applicationCacheEnabled":false,"browserConnectionEnabled":false,"cssSelectorsEnabled":true,"webStorageEnabled":false,"rotatable":false,"acceptSslCerts":false,"nativeEvents":true,"proxy":{"proxyType":"direct"}}
[INFO  - 2013-11-13T11:05:24.634Z] SessionManagerReqHand - _postNewSessionCommand - New Session Created: 7ee6d360-4c53-11e3-aaf9-f3957e18c697
[INFO  - 2013-11-13T11:10:23.962Z] SessionManagerReqHand - _cleanupWindowlessSessions - Asynchronous Sessions clean-up phase starting NOW
[INFO  - 2013-11-13T11:15:23.961Z] SessionManagerReqHand - _cleanupWindowlessSessions - Asynchronous Sessions clean-up phase starting NOW
[INFO  - 2013-11-13T11:20:23.961Z] SessionManagerReqHand - _cleanupWindowlessSessions - Asynchronous Sessions clean-up phase starting NOW
[INFO  - 2013-11-13T11:25:23.961Z] SessionManagerReqHand - _cleanupWindowlessSessions - Asynchronous Sessions clean-up phase starting NOW
Enabled":false,"locationContextEnabled":false,"applicationCacheEnabled":false,"browserConnectionEnabled":false,"cssSelectorsEnabled":true,"webStorageEnabled":false,"rotatable":false,"acceptSslCerts":false,"nativeEvents":true,"proxy":{"proxyType":"direct"}}
[INFO  - 2013-11-13T11:09:44.362Z] SessionManagerReqHand - _postNewSessionCommand - New Session Created: 19b62c60-4c54-11e3-a922-29e2ba4bc739
[INFO  - 2013-11-13T11:14:44.218Z] SessionManagerReqHand - _cleanupWindowlessSessions - Asynchronous Sessions clean-up phase starting NOW
[INFO  - 2013-11-13T11:19:44.223Z] SessionManagerReqHand - _cleanupWindowlessSessions - Asynchronous Sessions clean-up phase starting NOW
[INFO  - 2013-11-13T11:24:44.223Z] SessionManagerReqHand - _cleanupWindowlessSessions - Asynchronous Sessions clean-up phase starting NOW
-4c55-11e3-9a16-01f68e9870df] - CONSTRUCTOR - Negotiated Capabilities: {"browserName":"phantomjs","version":"1.9.0","driverName":"ghostdriver","driverVersion":"1.0.3","platform":"windows-7-32bit","javascriptEnabled":true,"takesScreenshot":true,"handlesAlerts":false,"databaseEnabled":false,"locationContextEnabled":false,"applicationCacheEnabled":false,"browserConnectionEnabled":false,"cssSelectorsEnabled":true,"webStorageEnabled":false,"rotatable":false,"acceptSslCerts":false,"nativeEvents":true,"proxy":{"proxyType":"direct"}}
[INFO  - 2013-11-13T11:17:38.377Z] SessionManagerReqHand - _postNewSessionCommand - New Session Created: 343f1f50-4c55-11e3-9a16-01f68e9870df
[INFO  - 2013-11-13T11:22:38.216Z] SessionManagerReqHand - _cleanupWindowlessSessions - Asynchronous Sessions clean-up phase starting NOW
e3-83cf-ef6f0abd39fb] - CONSTRUCTOR - Desired Capabilities: {"javascriptEnabled":true}
[INFO  - 2013-11-13T11:18:44.244Z] Session [5b81a100-4c55-11e3-83cf-ef6f0abd39fb] - CONSTRUCTOR - Negotiated Capabilities: {"browserName":"phantomjs","version":"1.9.0","driverName":"ghostdriver","driverVersion":"1.0.3","platform":"windows-7-32bit","javascriptEnabled":true,"takesScreenshot":true,"handlesAlerts":false,"databaseEnabled":false,"locationContextEnabled":false,"applicationCacheEnabled":false,"browserConnectionEnabled":false,"cssSelectorsEnabled":true,"webStorageEnabled":false,"rotatable":false,"acceptSslCerts":false,"nativeEvents":true,"proxy":{"proxyType":"direct"}}
[INFO  - 2013-11-13T11:18:44.244Z] SessionManagerReqHand - _postNewSessionCommand - New Session Created: 5b81a100-4c55-11e3-83cf-ef6f0abd39fb
[INFO  - 2013-11-13T11:23:44.086Z] SessionManagerReqHand - _cleanupWindowlessSessions - Asynchronous Sessions clean-up phase starting NOW
e3-b99a-b13f5647e6a8] - CONSTRUCTOR - Desired Capabilities: {"javascriptEnabled":true}
[INFO  - 2013-11-13T11:20:17.011Z] Session [92cc98e0-4c55-11e3-b99a-b13f5647e6a8] - CONSTRUCTOR - Negotiated Capabilities: {"browserName":"phantomjs","version":"1.9.0","driverName":"ghostdriver","driverVersion":"1.0.3","platform":"windows-7-32bit","javascriptEnabled":true,"takesScreenshot":true,"handlesAlerts":false,"databaseEnabled":false,"locationContextEnabled":false,"applicationCacheEnabled":false,"browserConnectionEnabled":false,"cssSelectorsEnabled":true,"webStorageEnabled":false,"rotatable":false,"acceptSslCerts":false,"nativeEvents":true,"proxy":{"proxyType":"direct"}}
[INFO  - 2013-11-13T11:20:17.011Z] SessionManagerReqHand - _postNewSessionCommand - New Session Created: 92cc98e0-4c55-11e3-b99a-b13f5647e6a8
[INFO  - 2013-11-13T11:25:16.348Z] SessionManagerReqHand - _cleanupWindowlessSessions - Asynchronous Sessions clean-up phase starting NOW
